Build started 2014-05-27 21:19:53.
     1>Project "C:\Users\Guillaume\Documents\Visual Studio 2010\Projects\Background\Background\Background.vcxproj" on node 2 (build target(s)).
     1>InitializeBuildStatus:
         Creating "x64\Debug\Background.unsuccessfulbuild" because "AlwaysCreate" was specified.
       ClCompile:
         c:\Program Files (x86)\Microsoft Visual Studio 10.0\VC\bin\x86_amd64\CL.exe /c /I"C:\Users\Guillaume\Documents\projet opencv\OpenCV2.3\build\include" /I"C:\Users\Guillaume\Documents\projet opencv\OpenCV2.3\build\include\opencv" /Zi /nologo /W3 /WX- /Od /D WIN32 /D _DEBUG /D _CONSOLE /D _UNICODE /D UNICODE /Gm /EHsc /RTC1 /MDd /GS /fp:precise /Zc:wchar_t /Zc:forScope /Yc"StdAfx.h" /Fp"x64\Debug\Background.pch" /Fo"x64\Debug\\" /Fd"x64\Debug\vc100.pdb" /Gd /TP /errorReport:prompt stdafx.cpp
         stdafx.cpp
         c:\Program Files (x86)\Microsoft Visual Studio 10.0\VC\bin\x86_amd64\CL.exe /c /I"C:\Users\Guillaume\Documents\projet opencv\OpenCV2.3\build\include" /I"C:\Users\Guillaume\Documents\projet opencv\OpenCV2.3\build\include\opencv" /Zi /nologo /W3 /WX- /Od /D WIN32 /D _DEBUG /D _CONSOLE /D _UNICODE /D UNICODE /Gm /EHsc /RTC1 /MDd /GS /fp:precise /Zc:wchar_t /Zc:forScope /Yu"StdAfx.h" /Fp"x64\Debug\Background.pch" /Fo"x64\Debug\\" /Fd"x64\Debug\vc100.pdb" /Gd /TP /errorReport:prompt Background.cpp
         Skipping... (no relevant changes detected)
         Background.cpp
       ManifestResourceCompile:
         All outputs are up-to-date.
       Link:
         c:\Program Files (x86)\Microsoft Visual Studio 10.0\VC\bin\x86_amd64\link.exe /ERRORREPORT:PROMPT /OUT:"C:\Users\Guillaume\Documents\Visual Studio 2010\Projects\Background\x64\Debug\Background.exe" /INCREMENTAL /NOLOGO "C:\Users\Guillaume\Documents\projet opencv\OpenCV2.3\build\x64\vc10\lib\opencv_core230d.lib" "C:\Users\Guillaume\Documents\projet opencv\OpenCV2.3\build\x64\vc10\lib\opencv_highgui230d.lib" "C:\Users\Guillaume\Documents\projet opencv\OpenCV2.3\build\x64\vc10\lib\opencv_video230d.lib" "C:\Users\Guillaume\Documents\projet opencv\OpenCV2.3\build\x64\vc10\lib\opencv_ml230d.lib" "C:\Users\Guillaume\Documents\projet opencv\OpenCV2.3\build\x64\vc10\lib\opencv_legacy230d.lib" "C:\Users\Guillaume\Documents\projet opencv\OpenCV2.3\build\x64\vc10\lib\opencv_imgproc230d.lib" kernel32.lib user32.lib gdi32.lib winspool.lib comdlg32.lib advapi32.lib shell32.lib ole32.lib oleaut32.lib uuid.lib odbc32.lib odbccp32.lib /MANIFEST /ManifestFile:"x64\Debug\Background.exe.intermediate.manifest" /MANIFESTUAC:"level='asInvoker' uiAccess='false'" /DEBUG /PDB:"C:\Users\Guillaume\Documents\Visual Studio 2010\Projects\Background\x64\Debug\Background.pdb" /SUBSYSTEM:CONSOLE /TLBID:1 /DYNAMICBASE /NXCOMPAT /IMPLIB:"C:\Users\Guillaume\Documents\Visual Studio 2010\Projects\Background\x64\Debug\Background.lib" /MACHINE:X64 x64\Debug\Background.exe.embed.manifest.res
         x64\Debug\Background.obj
         x64\Debug\stdafx.obj
         Background.vcxproj -> C:\Users\Guillaume\Documents\Visual Studio 2010\Projects\Background\x64\Debug\Background.exe
       Manifest:
         C:\Program Files (x86)\Microsoft SDKs\Windows\v7.0A\bin\mt.exe /nologo /verbose /out:"x64\Debug\Background.exe.embed.manifest" /manifest x64\Debug\Background.exe.intermediate.manifest
         All outputs are up-to-date.
       LinkEmbedManifest:
         All outputs are up-to-date.
         Background.vcxproj -> C:\Users\Guillaume\Documents\Visual Studio 2010\Projects\Background\x64\Debug\Background.exe
       FinalizeBuildStatus:
         Deleting file "x64\Debug\Background.unsuccessfulbuild".
         Touching "x64\Debug\Background.lastbuildstate".
     1>Done Building Project "C:\Users\Guillaume\Documents\Visual Studio 2010\Projects\Background\Background\Background.vcxproj" (build target(s)).

Build succeeded.

Time Elapsed 00:00:00.94
